<?xml version="1.0" encoding="UTF-8"?>
<!-- Generated by org.testng.reporters.JUnitReportReporter -->
<testsuite name="com.chinaredstar.qm.cases.TestBaiduSearch" tests="1" time="9.422" ignored="0" failures="0" timestamp="13 十一月 2018 13:54:00 GMT" skipped="0" hostname="USER-20160327TR" errors="0">
  <testcase name="testSearch" time="9.422" classname="com.chinaredstar.qm.cases.TestBaiduSearch"/>
</testsuite> <!-- com.chinaredstar.qm.cases.TestBaiduSearch -->
